e:\lab\dx12learn\dx12renderpipeline\dx12renderpipeline\dx12renderpipeline.pdb
e:\lab\dx12learn\dx12renderpipeline\dx12renderpipeline\dx12renderpipeline.exe
e:\lab\dx12learn\dx12renderpipeline\dx12renderpipeline\x64\debug\mesh.obj
e:\lab\dx12learn\dx12renderpipeline\dx12renderpipeline\x64\debug\main.obj
e:\lab\dx12learn\dx12renderpipeline\dx12renderpipeline\x64\debug\d3d12hellotriangle.obj
e:\lab\dx12learn\dx12renderpipeline\dx12renderpipeline\x64\debug\dxsample.obj
e:\lab\dx12learn\dx12renderpipeline\dx12renderpipeline\x64\debug\buffer.obj
e:\lab\dx12learn\dx12renderpipeline\dx12renderpipeline\x64\debug\defaultbuffer.obj
e:\lab\dx12learn\dx12renderpipeline\dx12renderpipeline\x64\debug\device.obj
e:\lab\dx12learn\dx12renderpipeline\dx12renderpipeline\x64\debug\mathhelper.obj
e:\lab\dx12learn\dx12renderpipeline\dx12renderpipeline\x64\debug\gametimer.obj
e:\lab\dx12learn\dx12renderpipeline\dx12renderpipeline\x64\debug\geometrygenerator.obj
e:\lab\dx12learn\dx12renderpipeline\dx12renderpipeline\x64\debug\reflactablestruct.obj
e:\lab\dx12learn\dx12renderpipeline\dx12renderpipeline\x64\debug\ddstextureloader.obj
e:\lab\dx12learn\dx12renderpipeline\dx12renderpipeline\x64\debug\renderitem.obj
e:\lab\dx12learn\dx12renderpipeline\dx12renderpipeline\x64\debug\camera.obj
e:\lab\dx12learn\dx12renderpipeline\dx12renderpipeline\x64\debug\uploadbuffer.obj
e:\lab\dx12learn\dx12renderpipeline\dx12renderpipeline\x64\debug\readbackbuffer.obj
e:\lab\dx12learn\dx12renderpipeline\dx12renderpipeline\x64\debug\pass.obj
e:\lab\dx12learn\dx12renderpipeline\dx12renderpipeline\x64\debug\texture.obj
e:\lab\dx12learn\dx12renderpipeline\dx12renderpipeline\x64\debug\win32application.obj
e:\lab\dx12learn\dx12renderpipeline\dx12renderpipeline\x64\debug\commandlisthandle.obj
e:\lab\dx12learn\dx12renderpipeline\dx12renderpipeline\x64\debug\descriptorheap.obj
e:\lab\dx12learn\dx12renderpipeline\dx12renderpipeline\x64\debug\cuberendertarget.obj
e:\lab\dx12learn\dx12renderpipeline\dx12renderpipeline\x64\debug\frameresource.obj
e:\lab\dx12learn\dx12renderpipeline\dx12renderpipeline\x64\debug\dx12rend.cea96d35.tlog\clang-cl.command.1.tlog
e:\lab\dx12learn\dx12renderpipeline\dx12renderpipeline\x64\debug\dx12rend.cea96d35.tlog\fxc.command.1.tlog
e:\lab\dx12learn\dx12renderpipeline\dx12renderpipeline\x64\debug\dx12rend.cea96d35.tlog\fxc.read.1.tlog
e:\lab\dx12learn\dx12renderpipeline\dx12renderpipeline\x64\debug\dx12rend.cea96d35.tlog\lld-link.command.1.tlog
e:\lab\dx12learn\dx12renderpipeline\dx12renderpipeline\x64\debug\dx12rend.cea96d35.tlog\lld-link.delete.1.tlog
e:\lab\dx12learn\dx12renderpipeline\dx12renderpipeline\x64\debug\dx12rend.cea96d35.tlog\lld-link.read.1.tlog
e:\lab\dx12learn\dx12renderpipeline\dx12renderpipeline\x64\debug\dx12rend.cea96d35.tlog\lld-link.write.1.tlog
e:\lab\dx12learn\dx12renderpipeline\dx12renderpipeline\x64\debug\dx12rend.cea96d35.tlog\microsoft.build.cpptasks.cl.read.1.tlog
e:\lab\dx12learn\dx12renderpipeline\dx12renderpipeline\x64\debug\dx12rend.cea96d35.tlog\microsoft.build.cpptasks.cl.write.1.tlog
